<?xml version="1.0" encoding="UTF-8"?>
<!-- Generated by org.testng.reporters.JUnitXMLReporter -->
<testsuite hostname="NILESH-PC" ignored="0" name="Free CRM App Test Cases" tests="8" failures="0" timestamp="23 Nov 2018 10:39:19 GMT" time="132.879" errors="0">
  <testcase name="verify_Login_UI" time="0.097" classname="com.qa.testcases.LoginTestPage"/>
  <testcase name="verify_Valid_Login" time="7.225" classname="com.qa.testcases.LoginTestPage"/>
  <testcase name="verify_Invalid_Login" time="4.39" classname="com.qa.testcases.LoginTestPage"/>
  <testcase name="verify_EmptyPassword_Login" time="5.341" classname="com.qa.testcases.LoginTestPage"/>
  <testcase name="verify_EmptyUserID_Login" time="7.262" classname="com.qa.testcases.LoginTestPage"/>
  <testcase name="verify_EmptyUserID_Password_Login" time="3.456" classname="com.qa.testcases.LoginTestPage"/>
  <testcase name="verify_PasswordField_Masking_Login" time="4.825" classname="com.qa.testcases.LoginTestPage"/>
  <testcase name="verify_LoginAuthentication" time="13.223" classname="com.qa.testcases.LoginTestPage"/>
</testsuite> <!-- Free CRM App Test Cases -->
