<?xml version="1.0" encoding="UTF-8"?>
<testng-results skipped="0" failed="1" ignored="0" total="7" passed="6">
  <reporter-output>
  </reporter-output>
  <suite name="Default suite" duration-ms="54042" started-at="2018-11-28T12:49:35Z" finished-at="2018-11-28T12:50:29Z">
    <groups>
    </groups>
    <test name="Default test" duration-ms="54042" started-at="2018-11-28T12:49:35Z" finished-at="2018-11-28T12:50:29Z">
      <class name="com.qa.testcases.LoginTestPage">
        <test-method status="PASS" signature="setup()[pri:0, instance:com.qa.testcases.LoginTestPage@49fc609f]" name="setup" is-config="true" duration-ms="5790" started-at="2018-11-28T12:49:35Z" finished-at="2018-11-28T12:49:40Z">
          <reporter-output>
          </reporter-output>
        </test-method> <!-- setup -->
        <test-method status="PASS" signature="verify_Login_UI()[pri:1, instance:com.qa.testcases.LoginTestPage@49fc609f]" name="verify_Login_UI" duration-ms="193" started-at="2018-11-28T12:49:40Z" description="Login UI Components visiblity" finished-at="2018-11-28T12:49:41Z">
          <reporter-output>
          </reporter-output>
        </test-method> <!-- verify_Login_UI -->
        <test-method status="PASS" signature="teardown()[pri:0, instance:com.qa.testcases.LoginTestPage@49fc609f]" name="teardown" is-config="true" duration-ms="751" started-at="2018-11-28T12:49:41Z" finished-at="2018-11-28T12:49:41Z">
          <reporter-output>
          </reporter-output>
        </test-method> <!-- teardown -->
        <test-method status="PASS" signature="setup()[pri:0, instance:com.qa.testcases.LoginTestPage@49fc609f]" name="setup" is-config="true" duration-ms="5329" started-at="2018-11-28T12:49:41Z" finished-at="2018-11-28T12:49:47Z">
          <reporter-output>
          </reporter-output>
        </test-method> <!-- setup -->
        <test-method status="PASS" signature="verify_Valid_Login()[pri:2, instance:com.qa.testcases.LoginTestPage@49fc609f]" name="verify_Valid_Login" duration-ms="332" started-at="2018-11-28T12:49:47Z" description="Verify Valid Login" finished-at="2018-11-28T12:49:47Z">
          <reporter-output>
          </reporter-output>
        </test-method> <!-- verify_Valid_Login -->
        <test-method status="PASS" signature="teardown()[pri:0, instance:com.qa.testcases.LoginTestPage@49fc609f]" name="teardown" is-config="true" duration-ms="717" started-at="2018-11-28T12:49:47Z" finished-at="2018-11-28T12:49:48Z">
          <reporter-output>
          </reporter-output>
        </test-method> <!-- teardown -->
        <test-method status="PASS" signature="setup()[pri:0, instance:com.qa.testcases.LoginTestPage@49fc609f]" name="setup" is-config="true" duration-ms="4961" started-at="2018-11-28T12:49:48Z" finished-at="2018-11-28T12:49:53Z">
          <reporter-output>
          </reporter-output>
        </test-method> <!-- setup -->
        <test-method status="FAIL" signature="verify_Invalid_Login()[pri:3, instance:com.qa.testcases.LoginTestPage@49fc609f]" name="verify_Invalid_Login" duration-ms="10682" started-at="2018-11-28T12:49:53Z" description="Verify Invalid Login" finished-at="2018-11-28T12:50:03Z">
          <exception class="org.openqa.selenium.NoSuchElementException">
            <message>
              <![CDATA[no such element: Unable to locate element: {"method":"xpath","selector":"//label[@class='error-msg']"}
  (Session info: chrome=70.0.3538.102)
  (Driver info: chromedriver=2.36.540470 (e522d04694c7ebea4ba8821272dbef4f9b818c91),platform=Windows NT 10.0.14393 x86_64) (WARNING: The server did not provide any stacktrace information)
Command duration or timeout: 0 milliseconds
For documentation on this error, please visit: http://seleniumhq.org/exceptions/no_such_element.html
Build info: version: '3.9.1', revision: '63f7b50', time: '2018-02-07T22:25:02.294Z'
System info: host: 'NILESH-PC', ip: '192.168.1.110', os.name: 'Windows 8.1', os.arch: 'amd64', os.version: '6.3', java.version: '1.8.0_31'
Driver info: org.openqa.selenium.chrome.ChromeDriver
Capabilities {acceptInsecureCerts: false, acceptSslCerts: false, applicationCacheEnabled: false, browserConnectionEnabled: false, browserName: chrome, chrome: {chromedriverVersion: 2.36.540470 (e522d04694c7eb..., userDataDir: C:\Users\NILESH~1.ISY\AppDa...}, cssSelectorsEnabled: true, databaseEnabled: false, handlesAlerts: true, hasTouchScreen: false, javascriptEnabled: true, locationContextEnabled: true, mobileEmulationEnabled: false, nativeEvents: true, networkConnectionEnabled: false, pageLoadStrategy: normal, platform: XP, platformName: XP, rotatable: false, setWindowRect: true, takesHeapSnapshot: true, takesScreenshot: true, unexpectedAlertBehaviour: , unhandledPromptBehavior: , version: 70.0.3538.102, webStorageEnabled: true}
Session ID: dd9a5171507ba69cd5e2e6da49134786
*** Element info: {Using=xpath, value=//label[@class='error-msg']}]]>
            </message>
            <full-stacktrace>
              <![CDATA[org.openqa.selenium.NoSuchElementException: no such element: Unable to locate element: {"method":"xpath","selector":"//label[@class='error-msg']"}
  (Session info: chrome=70.0.3538.102)
  (Driver info: chromedriver=2.36.540470 (e522d04694c7ebea4ba8821272dbef4f9b818c91),platform=Windows NT 10.0.14393 x86_64) (WARNING: The server did not provide any stacktrace information)
Command duration or timeout: 0 milliseconds
For documentation on this error, please visit: http://seleniumhq.org/exceptions/no_such_element.html
Build info: version: '3.9.1', revision: '63f7b50', time: '2018-02-07T22:25:02.294Z'
System info: host: 'NILESH-PC', ip: '192.168.1.110', os.name: 'Windows 8.1', os.arch: 'amd64', os.version: '6.3', java.version: '1.8.0_31'
Driver info: org.openqa.selenium.chrome.ChromeDriver
Capabilities {acceptInsecureCerts: false, acceptSslCerts: false, applicationCacheEnabled: false, browserConnectionEnabled: false, browserName: chrome, chrome: {chromedriverVersion: 2.36.540470 (e522d04694c7eb..., userDataDir: C:\Users\NILESH~1.ISY\AppDa...}, cssSelectorsEnabled: true, databaseEnabled: false, handlesAlerts: true, hasTouchScreen: false, javascriptEnabled: true, locationContextEnabled: true, mobileEmulationEnabled: false, nativeEvents: true, networkConnectionEnabled: false, pageLoadStrategy: normal, platform: XP, platformName: XP, rotatable: false, setWindowRect: true, takesHeapSnapshot: true, takesScreenshot: true, unexpectedAlertBehaviour: , unhandledPromptBehavior: , version: 70.0.3538.102, webStorageEnabled: true}
Session ID: dd9a5171507ba69cd5e2e6da49134786
*** Element info: {Using=xpath, value=//label[@class='error-msg']}
at sun.reflect.NativeConstructorAccessorImpl.newInstance0(Native Method)
at sun.reflect.NativeConstructorAccessorImpl.newInstance(Unknown Source)
at sun.reflect.DelegatingConstructorAccessorImpl.newInstance(Unknown Source)
at java.lang.reflect.Constructor.newInstance(Unknown Source)
at org.openqa.selenium.remote.ErrorHandler.createThrowable(ErrorHandler.java:214)
at org.openqa.selenium.remote.ErrorHandler.throwIfResponseFailed(ErrorHandler.java:166)
at org.openqa.selenium.remote.http.JsonHttpResponseCodec.reconstructValue(JsonHttpResponseCodec.java:40)
at org.openqa.selenium.remote.http.AbstractHttpResponseCodec.decode(AbstractHttpResponseCodec.java:80)
at org.openqa.selenium.remote.http.AbstractHttpResponseCodec.decode(AbstractHttpResponseCodec.java:44)
at org.openqa.selenium.remote.HttpCommandExecutor.execute(HttpCommandExecutor.java:160)
at org.openqa.selenium.remote.service.DriverCommandExecutor.execute(DriverCommandExecutor.java:83)
at org.openqa.selenium.remote.RemoteWebDriver.execute(RemoteWebDriver.java:601)
at org.openqa.selenium.remote.RemoteWebDriver.findElement(RemoteWebDriver.java:371)
at org.openqa.selenium.remote.RemoteWebDriver.findElementByXPath(RemoteWebDriver.java:473)
at org.openqa.selenium.By$ByXPath.findElement(By.java:361)
at org.openqa.selenium.remote.RemoteWebDriver.findElement(RemoteWebDriver.java:363)
at sun.reflect.NativeMethodAccessorImpl.invoke0(Native Method)
at sun.reflect.NativeMethodAccessorImpl.invoke(Unknown Source)
at sun.reflect.DelegatingMethodAccessorImpl.invoke(Unknown Source)
at java.lang.reflect.Method.invoke(Unknown Source)
at org.openqa.selenium.support.events.EventFiringWebDriver$2.invoke(EventFiringWebDriver.java:108)
at com.sun.proxy.$Proxy7.findElement(Unknown Source)
at org.openqa.selenium.support.events.EventFiringWebDriver.findElement(EventFiringWebDriver.java:192)
at org.openqa.selenium.support.pagefactory.DefaultElementLocator.findElement(DefaultElementLocator.java:69)
at org.openqa.selenium.support.pagefactory.internal.LocatingElementHandler.invoke(LocatingElementHandler.java:38)
at com.sun.proxy.$Proxy11.isDisplayed(Unknown Source)
at com.qa.testcases.LoginTestPage.verify_Invalid_Login(LoginTestPage.java:65)
at sun.reflect.NativeMethodAccessorImpl.invoke0(Native Method)
at sun.reflect.NativeMethodAccessorImpl.invoke(Unknown Source)
at sun.reflect.DelegatingMethodAccessorImpl.invoke(Unknown Source)
at java.lang.reflect.Method.invoke(Unknown Source)
at org.testng.internal.MethodInvocationHelper.invokeMethod(MethodInvocationHelper.java:124)
at org.testng.internal.Invoker.invokeMethod(Invoker.java:583)
at org.testng.internal.Invoker.invokeTestMethod(Invoker.java:719)
at org.testng.internal.Invoker.invokeTestMethods(Invoker.java:989)
at org.testng.internal.TestMethodWorker.invokeTestMethods(TestMethodWorker.java:125)
at org.testng.internal.TestMethodWorker.run(TestMethodWorker.java:109)
at org.testng.TestRunner.privateRun(TestRunner.java:648)
at org.testng.TestRunner.run(TestRunner.java:505)
at org.testng.SuiteRunner.runTest(SuiteRunner.java:455)
at org.testng.SuiteRunner.runSequentially(SuiteRunner.java:450)
at org.testng.SuiteRunner.privateRun(SuiteRunner.java:415)
at org.testng.SuiteRunner.run(SuiteRunner.java:364)
at org.testng.SuiteRunnerWorker.runSuite(SuiteRunnerWorker.java:52)
at org.testng.SuiteRunnerWorker.run(SuiteRunnerWorker.java:84)
at org.testng.TestNG.runSuitesSequentially(TestNG.java:1208)
at org.testng.TestNG.runSuitesLocally(TestNG.java:1137)
at org.testng.TestNG.runSuites(TestNG.java:1049)
at org.testng.TestNG.run(TestNG.java:1017)
at org.testng.remote.AbstractRemoteTestNG.run(AbstractRemoteTestNG.java:114)
at org.testng.remote.RemoteTestNG.initAndRun(RemoteTestNG.java:251)
at org.testng.remote.RemoteTestNG.main(RemoteTestNG.java:77)
]]>
            </full-stacktrace>
          </exception> <!-- org.openqa.selenium.NoSuchElementException -->
          <reporter-output>
          </reporter-output>
        </test-method> <!-- verify_Invalid_Login -->
        <test-method status="PASS" signature="teardown()[pri:0, instance:com.qa.testcases.LoginTestPage@49fc609f]" name="teardown" is-config="true" duration-ms="760" started-at="2018-11-28T12:50:03Z" finished-at="2018-11-28T12:50:04Z">
          <reporter-output>
          </reporter-output>
        </test-method> <!-- teardown -->
        <test-method status="PASS" signature="setup()[pri:0, instance:com.qa.testcases.LoginTestPage@49fc609f]" name="setup" is-config="true" duration-ms="4717" started-at="2018-11-28T12:50:04Z" finished-at="2018-11-28T12:50:09Z">
          <reporter-output>
          </reporter-output>
        </test-method> <!-- setup -->
        <test-method status="PASS" signature="verify_EmptyPassword_Login()[pri:4, instance:com.qa.testcases.LoginTestPage@49fc609f]" name="verify_EmptyPassword_Login" duration-ms="545" started-at="2018-11-28T12:50:09Z" description="Empty Password" finished-at="2018-11-28T12:50:09Z">
          <reporter-output>
          </reporter-output>
        </test-method> <!-- verify_EmptyPassword_Login -->
        <test-method status="PASS" signature="teardown()[pri:0, instance:com.qa.testcases.LoginTestPage@49fc609f]" name="teardown" is-config="true" duration-ms="716" started-at="2018-11-28T12:50:09Z" finished-at="2018-11-28T12:50:10Z">
          <reporter-output>
          </reporter-output>
        </test-method> <!-- teardown -->
        <test-method status="PASS" signature="setup()[pri:0, instance:com.qa.testcases.LoginTestPage@49fc609f]" name="setup" is-config="true" duration-ms="5242" started-at="2018-11-28T12:50:10Z" finished-at="2018-11-28T12:50:15Z">
          <reporter-output>
          </reporter-output>
        </test-method> <!-- setup -->
        <test-method status="PASS" signature="verify_EmptyUserID_Login()[pri:5, instance:com.qa.testcases.LoginTestPage@49fc609f]" name="verify_EmptyUserID_Login" duration-ms="416" started-at="2018-11-28T12:50:15Z" description="Empty User ID" finished-at="2018-11-28T12:50:16Z">
          <reporter-output>
          </reporter-output>
        </test-method> <!-- verify_EmptyUserID_Login -->
        <test-method status="PASS" signature="teardown()[pri:0, instance:com.qa.testcases.LoginTestPage@49fc609f]" name="teardown" is-config="true" duration-ms="722" started-at="2018-11-28T12:50:16Z" finished-at="2018-11-28T12:50:16Z">
          <reporter-output>
          </reporter-output>
        </test-method> <!-- teardown -->
        <test-method status="PASS" signature="setup()[pri:0, instance:com.qa.testcases.LoginTestPage@49fc609f]" name="setup" is-config="true" duration-ms="4872" started-at="2018-11-28T12:50:16Z" finished-at="2018-11-28T12:50:21Z">
          <reporter-output>
          </reporter-output>
        </test-method> <!-- setup -->
        <test-method status="PASS" signature="verify_EmptyUserID_Password_Login()[pri:6, instance:com.qa.testcases.LoginTestPage@49fc609f]" name="verify_EmptyUserID_Password_Login" duration-ms="367" started-at="2018-11-28T12:50:21Z" description="Empty User ID &amp; Password" finished-at="2018-11-28T12:50:22Z">
          <reporter-output>
          </reporter-output>
        </test-method> <!-- verify_EmptyUserID_Password_Login -->
        <test-method status="PASS" signature="teardown()[pri:0, instance:com.qa.testcases.LoginTestPage@49fc609f]" name="teardown" is-config="true" duration-ms="747" started-at="2018-11-28T12:50:22Z" finished-at="2018-11-28T12:50:22Z">
          <reporter-output>
          </reporter-output>
        </test-method> <!-- teardown -->
        <test-method status="PASS" signature="setup()[pri:0, instance:com.qa.testcases.LoginTestPage@49fc609f]" name="setup" is-config="true" duration-ms="5058" started-at="2018-11-28T12:50:22Z" finished-at="2018-11-28T12:50:27Z">
          <reporter-output>
          </reporter-output>
        </test-method> <!-- setup -->
        <test-method status="PASS" signature="verify_PasswordField_Masking_Login()[pri:7, instance:com.qa.testcases.LoginTestPage@49fc609f]" name="verify_PasswordField_Masking_Login" duration-ms="331" started-at="2018-11-28T12:50:27Z" description="Password Masking" finished-at="2018-11-28T12:50:28Z">
          <reporter-output>
          </reporter-output>
        </test-method> <!-- verify_PasswordField_Masking_Login -->
        <test-method status="PASS" signature="teardown()[pri:0, instance:com.qa.testcases.LoginTestPage@49fc609f]" name="teardown" is-config="true" duration-ms="730" started-at="2018-11-28T12:50:28Z" finished-at="2018-11-28T12:50:29Z">
          <reporter-output>
          </reporter-output>
        </test-method> <!-- teardown -->
      </class> <!-- com.qa.testcases.LoginTestPage -->
    </test> <!-- Default test -->
  </suite> <!-- Default suite -->
</testng-results>
